<?xml version="1.0" encoding="UTF-8"?>
<urlset xmlns="http://www.sitemaps.org/schemas/sitemap/0.9"
        xmlns:mobile="http://www.google.com/schemas/sitemap-mobile/1.0">
 <url>
  <loc>http://www.google.com/</loc>
  <priority>1.000</priority>
 </url>
 <url>
  <loc>http://www.google.com/3dwh_dmca.html</loc>
  <priority>0.5000</priority>
 </url>
 <url>
  <loc>http://www.google.com/a</loc>
  <priority>0.5000</priority>
 </url>
 <url>
  <loc>http://www.google.com/a/cpanel/domain</loc>
  <priority>0.5000</priority>
 </url>
 <url>
  <loc>http://www.google.com/a/edu/</loc>
  <priority>0.5000</priority>
 </url>
 <url>
  <loc>http://www.google.com/a/help/intl/en/admins/new.html</loc>
  <priority>0.5000</priority>
 </url>
 <url>
  <loc>http://www.google.com/a/help/intl/en/admins/overview.html</loc>
  <priority>0.5000</priority>
 </url>
 <url>
  <loc>http://www.google.com/a/help/intl/en/admins/privacy.html</loc>
  <priority>0.5000</priority>
 </url>
 <url>
  <loc>http://www.google.com/a/help/intl/en/admins/program_policies.html</loc>
  <priority>0.5000</priority>
 </url>
 <url>
  <loc>http://www.google.com/a/help/intl/en/admins/seminars.html</loc>
  <priority>0.5000</priority>
 </url>
 <url>
  <loc>http://www.google.com/a/help/intl/en/admins/terms.html</loc>
  <priority>0.5000</priority>
 </url>
 <url>
  <loc>http://www.google.com/a/help/intl/en/admins/testimonials.html</loc>
  <priority>0.5000</priority>
 </url>
 <url>
  <loc>http://www.google.com/a/help/intl/en/admins/tour.html</loc>
  <priority>0.5000</priority>
 </url>
 <url>
  <loc>http://www.google.com/a/help/intl/en/edu/administration.html</loc>
  <priority>0.5000</priority>
 </url>
 <url>
  <loc>http://www.google.com/a/help/intl/en/edu/benefits.html</loc>
  <priority>0.5000</priority>
 </url>
 <url>
  <loc>http://www.google.com/a/help/intl/en/edu/calendar.html</loc>
  <priority>0.5000</priority>
 </url>
 <url>
  <loc>http://www.google.com/a/help/intl/en/edu/customers/asu.html</loc>
  <priority>0.5000</priority>
 </url>
 <url>
  <loc>http://www.google.com/a/help/intl/en/edu/customers/pdfs/asu_success_story.pdf</loc>
  <priority>0.5000</priority>
 </url>
 <url>
  <loc>http://www.google.com/a/help/intl/en/edu/details.html</loc>
  <priority>0.5000</priority>
 </url>
 <url>
  <loc>http://www.google.com/a/help/intl/en/edu/features.html</loc>
  <priority>0.5000</priority>
 </url>
 <url>
  <loc>http://www.google.com/a/help/intl/en/edu/gmail.html</loc>
  <priority>0.5000</priority>
 </url>
 <url>
  <loc>http://www.google.com/a/help/intl/en/edu/pagecreator.html</loc>
  <priority>0.5000</priority>
 </url>
 <url>
  <loc>http://www.google.com/a/help/intl/en/edu/seminars.html</loc>
  <priority>0.5000</priority>
 </url>
 <url>
  <loc>http://www.google.com/a/help/intl/en/edu/startpage.html</loc>
  <priority>0.5000</priority>
 </url>
 <url>
  <loc>http://www.google.com/a/help/intl/en/edu/talk.html</loc>
  <priority>0.5000</priority>
 </url>
 <url>
  <loc>http://www.google.com/a/help/intl/en/edu/tour.html</loc>
  <priority>0.5000</priority>
 </url>
 <url>
  <loc>http://www.google.com/a/help/intl/en/users/privacy.html</loc>
  <priority>0.5000</priority>
 </url>
 <url>
  <loc>http://www.google.com/a/help/intl/en/users/privacy_notice.html</loc>
  <priority>0.5000</priority>
 </url>
 <url>
  <loc>http://www.google.com/a/help/intl/en/users/program_policies.html</loc>
  <priority>0.5000</priority>
 </url>
 <url>
  <loc>http://www.google.com/a/help/intl/en/users/terms.html</loc>
  <priority>0.5000</priority>
 </url>
 <url>
  <loc>http://www.google.com/a/interest</loc>
  <priority>0.5000</priority>
 </url>
 <url>
  <loc>http://www.google.com/about.html</loc>
  <priority>0.5000</priority>
 </url>
 <url>
  <loc>http://www.google.com/accounts</loc>
  <priority>1.0000</priority>
 </url>
 <url>
  <loc>http://www.google.com/accounts/ManageAccount</loc>
  <priority>0.5000</priority>
 </url>
 <url>
  <loc>http://www.google.com/accounts/TOS</loc>
  <priority>0.5000</priority>
 </url>
 <url>
  <loc>http://www.google.com/accounts/displayunlockcaptcha</loc>
  <priority>0.5000</priority>
 </url>
 <url>
  <loc>http://www.google.com/accounts/hosted/corner_bl.gif</loc>
  <priority>0.5000</priority>
 </url>
 <url>
  <loc>http://www.google.com/accounts/hosted/corner_br.gif</loc>
  <priority>0.5000</priority>
 </url>
 <url>
  <loc>http://www.google.com/accounts/hosted/corner_tl.gif</loc>
  <priority>0.5000</priority>
 </url>
 <url>
  <loc>http://www.google.com/accounts/hosted/corner_tr.gif</loc>
  <priority>0.5000</priority>
 </url>
 <url>
  <loc>http://www.google.com/accounts/hosted/google.gif</loc>
  <priority>0.5000</priority>
 </url>
 <url>
  <loc>http://www.google.com/accounts/smb_v1_logo_1_0.gif</loc>
  <priority>0.5000</priority>
 </url>
 <url>
  <loc>http://www.google.com/addurl.html</loc>
  <priority>0.5000</priority>
 </url>
 <url>
  <loc>http://www.google.com/ads/</loc>
  <priority>1.0000</priority>
 </url>
 <url>
  <loc>http://www.google.com/ads/800flowers.html</loc>
  <priority>0.5000</priority>
 </url>
 <url>
  <loc>http://www.google.com/ads/800flowers.pdf</loc>
  <priority>0.5000</priority>
 </url>
 <url>
  <loc>http://www.google.com/ads/adwords.gif</loc>
  <priority>0.5000</priority>
 </url>
 <url>
  <loc>http://www.google.com/ads/allcovered.html</loc>
  <priority>0.5000</priority>
 </url>
 <url>
  <loc>http://www.google.com/ads/apiswfproxy.swf</loc>
  <priority>0.5000</priority>
 </url>
 <url>
  <loc>http://www.google.com/ads/articulate.html</loc>
  <priority>0.5000</priority>
 </url>
 <url>
  <loc>http://www.google.com/ads/att.html</loc>
  <priority>0.5000</priority>
 </url>
 <url>
  <loc>http://www.google.com/ads/att.pdf</loc>
  <priority>0.5000</priority>
 </url>
 <url>
  <loc>http://www.google.com/ads/autodirect.html</loc>
  <priority>0.5000</priority>
 </url>
 <url>
  <loc>http://www.google.com/ads/autodirect.pdf</loc>
  <priority>0.5000</priority>
 </url>
 <url>
  <loc>http://www.google.com/ads/aw_faq.html</loc>
  <priority>0.5000</priority>
 </url>
 <url>
  <loc>http://www.google.com/ads/candydirect.html</loc>
  <priority>0.5000</priority>
 </url>
 <url>
  <loc>http://www.google.com/ads/careerbuilder.html</loc>
  <priority>0.5000</priority>
 </url>
 <url>
  <loc>http://www.google.com/ads/careerbuilder.pdf</loc>
  <priority>0.5000</priority>
 </url>
 <url>
  <loc>http://www.google.com/ads/cduniverse.html</loc>
  <priority>0.5000</priority>
 </url>
 <url>
  <loc>http://www.google.com/ads/chromelessplayer.swf</loc>
  <priority>0.5000</priority>
 </url>
 <url>
  <loc>http://www.google.com/ads/coldwell.html</loc>
  <priority>0.5000</priority>
 </url>
 <url>
  <loc>http://www.google.com/ads/cpg_news.pdf</loc>
  <priority>0.5000</priority>
 </url>
 <url>
  <loc>http://www.google.com/ads/crutchfield.html</loc>
  <priority>0.5000</priority>
 </url>
 <url>
  <loc>http://www.google.com/ads/crutchfield.pdf</loc>
  <priority>0.5000</priority>
 </url>
 <url>
  <loc>http://www.google.com/ads/davisondesign.html</loc>
  <priority>0.5000</priority>
 </url>
 <url>
  <loc>http://www.google.com/ads/dentalplans.html</loc>
  <priority>0.5000</priority>
 </url>
 <url>
  <loc>http://www.google.com/ads/emcsoftware.html</loc>
  <priority>0.5000</priority>
 </url>
 <url>
  <loc>http://www.google.com/ads/entertainment_news.pdf</loc>
  <priority>0.5000</priority>
 </url>
 <url>
  <loc>http://www.google.com/ads/faq.html</loc>
  <priority>0.5000</priority>
 </url>
 <url>
  <loc>http://www.google.com/ads/fordirect.html</loc>
  <priority>0.5000</priority>
 </url>
 <url>
  <loc>http://www.google.com/ads/fordirect.pdf</loc>
  <priority>0.5000</priority>
 </url>
 <url>
  <loc>http://www.google.com/ads/forrent.html</loc>
  <priority>0.5000</priority>
 </url>
 <url>
  <loc>http://www.google.com/ads/forrent.pdf</loc>
  <priority>0.5000</priority>
 </url>
 <url>
  <loc>http://www.google.com/ads/fortune500manf.html</loc>
  <priority>0.5000</priority>
 </url>
 <url>
  <loc>http://www.google.com/ads/georgewashington.html</loc>
  <priority>0.5000</priority>
 </url>
 <url>
  <loc>http://www.google.com/ads/glossary.html</loc>
  <priority>0.5000</priority>
 </url>
 <url>
  <loc>http://www.google.com/ads/handson.html</loc>
  <priority>0.5000</priority>
 </url>
 <url>
  <loc>http://www.google.com/ads/handson.pdf</loc>
  <priority>0.5000</priority>
 </url>
 <url>
  <loc>http://www.google.com/ads/harrisdirect.html</loc>
  <priority>0.5000</priority>
 </url>
 <url>
  <loc>http://www.google.com/ads/harrisdirect.pdf</loc>
  <priority>0.5000</priority>
 </url>
 <url>
  <loc>http://www.google.com/ads/hemera.html</loc>
  <priority>0.5000</priority>
 </url>
 <url>
  <loc>http://www.google.com/ads/hemera.pdf</loc>
  <priority>0.5000</priority>
 </url>
 <url>
  <loc>http://www.google.com/ads/hunts.html</loc>
  <priority>0.5000</priority>
 </url>
 <url>
  <loc>http://www.google.com/ads/hunts.pdf</loc>
  <priority>0.5000</priority>
 </url>
 <url>
  <loc>http://www.google.com/ads/inconvenient.html</loc>
  <priority>0.5000</priority>
 </url>
 <url>
  <loc>http://www.google.com/ads/indepth.html</loc>
  <priority>0.5000</priority>
 </url>
 <url>
  <loc>http://www.google.com/ads/index.html</loc>
  <priority>0.5000</priority>
 </url>
 <url>
  <loc>http://www.google.com/ads/industry/retail/casestudies/always_brilliant.html</loc>
  <priority>0.5000</priority>
 </url>
 <url>
  <loc>http://www.google.com/ads/industry/retail/casestudies/eves_addiction.html</loc>
  <priority>0.5000</priority>
 </url>
 <url>
  <loc>http://www.google.com/ads/industry/retail/casestudies/index.html</loc>
  <priority>0.5000</priority>
 </url>
 <url>
  <loc>http://www.google.com/ads/industry/retail/casestudies/ligne_roset.html</loc>
  <priority>0.5000</priority>
 </url>
 <url>
  <loc>http://www.google.com/ads/industry/retail/casestudies/luxury_plumbing_plus.html</loc>
  <priority>0.5000</priority>
 </url>
 <url>
  <loc>http://www.google.com/ads/industry/retail/casestudies/reminderband.html</loc>
  <priority>0.5000</priority>
 </url>
 <url>
  <loc>http://www.google.com/ads/industry/retail/casestudies/shipwreck_beads.html</loc>
  <priority>0.5000</priority>
 </url>
 <url>
  <loc>http://www.google.com/ads/industry/retail/index.html</loc>
  <priority>0.5000</priority>
 </url>
 <url>
  <loc>http://www.google.com/ads/industry/retail/news.html</loc>
  <priority>0.5000</priority>
 </url>
 <url>
  <loc>http://www.google.com/ads/industry/retail/recommended_products.html</loc>
  <priority>0.5000</priority>
 </url>
 <url>
  <loc>http://www.google.com/ads/industry/retail/tipsforsuccess/index.html</loc>
  <priority>0.5000</priority>
 </url>
 <url>
  <loc>http://www.google.com/ads/industry/retail/tipsforsuccess/more_bang_for_your_buck.html</loc>
  <priority>0.5000</priority>
 </url>
 <url>
  <loc>http://www.google.com/ads/industry/retail/tipsforsuccess/more_clicks.html</loc>
  <priority>0.5000</priority>
 </url>
 <url>
  <loc>http://www.google.com/ads/industry/retail/tipsforsuccess/right_foot.html</loc>
  <priority>0.5000</priority>
 </url>
 <url>
  <loc>http://www.google.com/ads/industry/retail/tipsforsuccess/ring_in_the_holidays.html</loc>
  <priority>0.5000</priority>
 </url>
 <url>
  <loc>http://www.google.com/ads/insurance.html</loc>
  <priority>0.5000</priority>
 </url>
 <url>
  <loc>http://www.google.com/ads/insurance.pdf</loc>
  <priority>0.5000</priority>
 </url>
 <url>
  <loc>http://www.google.com/ads/kingston.html</loc>
  <priority>0.5000</priority>
 </url>
 <url>
  <loc>http://www.google.com/ads/kingston.pdf</loc>
  <priority>0.5000</priority>
 </url>
 <url>
  <loc>http://www.google.com/ads/library/</loc>
  <priority>0.5000</priority>
 </url>
 <url>
  <loc>http://www.google.com/ads/library/controlcenter_sept03.pdf</loc>
  <priority>0.5000</priority>
 </url>
 <url>
  <loc>http://www.google.com/ads/library/convtracking_oct03.pdf</loc>
  <priority>0.5000</priority>
 </url>
 <url>
  <loc>http://www.google.com/ads/library/glossary_jun03.pdf</loc>
  <priority>0.5000</priority>
 </url>
 <url>
  <loc>http://www.google.com/ads/library/maximimum_effect_dec03.pdf</loc>
  <priority>0.5000</priority>
 </url>
 <url>
  <loc>http://www.google.com/ads/metrics.html</loc>
  <priority>0.5000</priority>
 </url>
 <url>
  <loc>http://www.google.com/ads/metrics_auto.html</loc>
  <priority>0.5000</priority>
 </url>
 <url>
  <loc>http://www.google.com/ads/metrics_cpg.html</loc>
  <priority>0.5000</priority>
 </url>
 <url>
  <loc>http://www.google.com/ads/metrics_ent.html</loc>
  <priority>0.5000</priority>
 </url>
 <url>
  <loc>http://www.google.com/ads/metrics_entech.html</loc>
  <priority>0.5000</priority>
 </url>
 <url>
  <loc>http://www.google.com/ads/metrics_fin.html</loc>
  <priority>0.5000</priority>
 </url>
 <url>
  <loc>http://www.google.com/ads/metrics_health.html</loc>
  <priority>0.5000</priority>
 </url>
 <url>
  <loc>http://www.google.com/ads/metrics_manf.html</loc>
  <priority>0.5000</priority>
 </url>
 <url>
  <loc>http://www.google.com/ads/metrics_realestate.html</loc>
  <priority>0.5000</priority>
 </url>
 <url>
  <loc>http://www.google.com/ads/metrics_retail.html</loc>
  <priority>0.5000</priority>
 </url>
 <url>
  <loc>http://www.google.com/ads/metrics_tech.html</loc>
  <priority>0.5000</priority>
 </url>
 <url>
  <loc>http://www.google.com/ads/metrics_telecom.html</loc>
  <priority>0.5000</priority>
 </url>
 <url>
  <loc>http://www.google.com/ads/metrics_trav.html</loc>
  <priority>0.5000</priority>
 </url>
 <url>
  <loc>http://www.google.com/ads/natlinstruments.html</loc>
  <priority>0.5000</priority>
 </url>
 <url>
  <loc>http://www.google.com/ads/news/</loc>
  <priority>0.5000</priority>
 </url>
 <url>
  <loc>http://www.google.com/ads/news/apr03.html</loc>
  <priority>0.5000</priority>
 </url>
 <url>
  <loc>http://www.google.com/ads/news/dec03.html</loc>
  <priority>0.5000</priority>
 </url>
 <url>
  <loc>http://www.google.com/ads/news/index.html</loc>
  <priority>0.5000</priority>
 </url>
 <url>
  <loc>http://www.google.com/ads/news/june03.html</loc>
  <priority>0.5000</priority>
 </url>
 <url>
  <loc>http://www.google.com/ads/news/oct03.html</loc>
  <priority>0.5000</priority>
 </url>
 <url>
  <loc>http://www.google.com/ads/offices.html</loc>
  <priority>0.5000</priority>
 </url>
 <url>
  <loc>http://www.google.com/ads/overview.html</loc>
  <priority>0.5000</priority>
 </url>
 <url>
  <loc>http://www.google.com/ads/partselect.html</loc>
  <priority>0.5000</priority>
 </url>
 <url>
  <loc>http://www.google.com/ads/partselect.pdf</loc>
  <priority>0.5000</priority>
 </url>
 <url>
  <loc>http://www.google.com/ads/perebit.html</loc>
  <priority>0.5000</priority>
 </url>
 <url>
  <loc>http://www.google.com/ads/performics.html</loc>
  <priority>0.5000</priority>
 </url>
 <url>
  <loc>http://www.google.com/ads/performics.pdf</loc>
  <priority>0.5000</priority>
 </url>
 <url>
  <loc>http://www.google.com/ads/preview.html</loc>
  <priority>0.5000</priority>
 </url>
 <url>
  <loc>http://www.google.com/ads/research/Entertainment2005.pdf</loc>
  <priority>0.5000</priority>
 </url>
 <url>
  <loc>http://www.google.com/ads/research/Healthcare2005.pdf</loc>
  <priority>0.5000</priority>
 </url>
 <url>
  <loc>http://www.google.com/ads/research/Logistics2005.pdf</loc>
  <priority>0.5000</priority>
 </url>
 <url>
  <loc>http://www.google.com/ads/research/MediaScreenTravel.pdf</loc>
  <priority>0.5000</priority>
 </url>
 <url>
  <loc>http://www.google.com/ads/research/Media_Screen_Beauty.pdf</loc>
  <priority>0.5000</priority>
 </url>
 <url>
  <loc>http://www.google.com/ads/research/Professional_Services_ResearchStudies.pdf</loc>
  <priority>0.5000</priority>
 </url>
 <url>
  <loc>http://www.google.com/ads/research/Telecom2005.pdf</loc>
  <priority>0.5000</priority>
 </url>
 <url>
  <loc>http://www.google.com/ads/resortres.html</loc>
  <priority>0.5000</priority>
 </url>
 <url>
  <loc>http://www.google.com/ads/resortres.p</loc>
  <priority>0.5000</priority>
 </url>
 <url>
  <loc>http://www.google.com/ads/reunion.html</loc>
  <priority>0.5000</priority>
 </url>
 <url>
  <loc>http://www.google.com/ads/reunion.pdf</loc>
  <priority>0.5000</priority>
 </url>
 <url>
  <loc>http://www.google.com/ads/scvb.html</loc>
  <priority>0.5000</priority>
 </url>
 <url>
  <loc>http://www.google.com/ads/smartbear.html</loc>
  <priority>0.5000</priority>
 </url>
 <url>
  <loc>http://www.google.com/ads/success.html</loc>
  <priority>0.5000</priority>
 </url>
 <url>
  <loc>http://www.google.com/ads/surgemarketing.html</loc>
  <priority>0.5000</priority>
 </url>
 <url>
  <loc>http://www.google.com/ads/swapalease.html</loc>
  <priority>0.5000</priority>
 </url>
 <url>
  <loc>http://www.google.com/ads/talkamerica.html</loc>
  <priority>0.5000</priority>
 </url>
 <url>
  <loc>http://www.google.com/ads/talkamerica.pdf</loc>
  <priority>0.5000</priority>
 </url>
 <url>
  <loc>http://www.google.com/ads/techb2b_news.pdf</loc>
  <priority>0.5000</priority>
 </url>
 <url>
  <loc>http://www.google.com/ads/tips_auto.html</loc>
  <priority>0.5000</priority>
 </url>
 <url>
  <loc>http://www.google.com/ads/tips_bim.html</loc>
  <priority>0.5000</priority>
 </url>
 <url>
  <loc>http://www.google.com/ads/tips_cpg.html</loc>
  <priority>0.5000</priority>
 </url>
 <url>
  <loc>http://www.google.com/ads/tips_ent.html</loc>
  <priority>0.5000</priority>
 </url>
 <url>
  <loc>http://www.google.com/ads/tips_fin.html</loc>
  <priority>0.5000</priority>
 </url>
 <url>
  <loc>http://www.google.com/ads/tips_health.html</loc>
  <priority>0.5000</priority>
 </url>
 <url>
  <loc>http://www.google.com/ads/tips_realestate.html</loc>
  <priority>0.5000</priority>
 </url>
 <url>
  <loc>http://www.google.com/ads/tips_techb2b.html</loc>
  <priority>0.5000</priority>
 </url>
 <url>
  <loc>http://www.google.com/ads/tips_techcom.html</loc>
  <priority>0.5000</priority>
 </url>
 <url>
  <loc>http://www.google.com/ads/tips_telecom.html</loc>
  <priority>0.5000</priority>
 </url>
 <url>
  <loc>http://www.google.com/ads/tips_trav.html</loc>
  <priority>0.5000</priority>
 </url>
 <url>
  <loc>http://www.google.com/ads/travelocity.html</loc>
  <priority>0.5000</priority>
 </url>
 <url>
  <loc>http://www.google.com/ads/travelocity.pdf</loc>
  <priority>0.5000</priority>
 </url>
 <url>
  <loc>http://www.google.com/ads/twiddy.html</loc>
  <priority>0.5000</priority>
 </url>
 <url>
  <loc>http://www.google.com/ads/videopbox.swf</loc>
  <priority>0.5000</priority>
 </url>
 <url>
  <loc>http://www.google.com/ads/visiondirect.html</loc>
  <priority>0.5000</priority>
 </url>
 <url>
  <loc>http://www.google.com/ads/visiondirect.pdf</loc>
  <priority>0.5000</priority>
 </url>
 <url>
  <loc>http://www.google.com/adsense</loc>
  <priority>1.0000</priority>
 </url>
 <url>
  <loc>http://www.google.com/adsense/afc-online-overview</loc>
  <priority>0.5000</priority>
 </url>
 <url>
  <loc>http://www.google.com/adsense/home</loc>
  <priority>0.5000</priority>
 </url>
 <url>
  <loc>http://www.google.com/adsense/policies</loc>
  <priority>0.5000</priority>
 </url>
 <url>
  <loc>http://www.google.com/adsense/success</loc>
  <priority>0.5000</priority>
 </url>
 <url>
  <loc>http://www.google.com/adsense/ws-overview</loc>
  <priority>0.5000</priority>
 </url>
 <url>
  <loc>http://www.google.com/adsense_dmca.html</loc>
  <priority>0.5000</priority>
 </url>
 <url>
  <loc>http://www.google.com/adsenseforfeeds</loc>
  <priority>0.5000</priority>
 </url>
 <url>
  <loc>http://www.google.com/advanced_image_search</loc>
  <priority>0.5000</priority>
 </url>
 <url>
  <loc>http://www.google.com/advanced_news_search</loc>
  <priority>0.5000</priority>
 </url>
 <url>
  <loc>http://www.google.com/advanced_patent_search</loc>
  <priority>0.5000</priority>
 </url>
 <url>
  <loc>http://www.google.com/advanced_search</loc>
  <priority>0.5000</priority>
 </url>
 <url>
  <loc>http://www.google.com/advanced_search.html</loc>
  <priority>0.5000</priority>
 </url>
 <url>
  <loc>http://www.google.com/advertising/promo_b2b/netsecurity.gif</loc>
  <priority>0.5000</priority>
 </url>
 <url>
  <loc>http://www.google.com/adwords/editor/</loc>
  <priority>0.5000</priority>
 </url>
 <url>
  <loc>http://www.google.com/adwords/learningcenter/</loc>
  <priority>0.5000</priority>
 </url>
 <url>
  <loc>http://www.google.com/adwords/learningcenter/index.html</loc>
  <priority>0.5000</priority>
 </url>
 <url>
  <loc>http://www.google.com/adwords/learningcenter/text/18719.html</loc>
  <priority>0.5000</priority>
 </url>
 <url>
  <loc>http://www.google.com/adwords/learningcenter/text/18722.html</loc>
  <priority>0.5000</priority>
 </url>
 <url>
  <loc>http://www.google.com/adwords/learningcenter/text/18754.html</loc>
  <priority>0.5000</priority>
 </url>
 <url>
  <loc>http://www.google.com/adwords/learningcenter/text/18759.html</loc>
  <priority>0.5000</priority>
 </url>
 <url>
  <loc>http://www.google.com/adwords/learningcenter/text/18766.html</loc>
  <priority>0.5000</priority>
 </url>
 <url>
  <loc>http://www.google.com/adwords/learningcenter/text/18771.html</loc>
  <priority>0.5000</priority>
 </url>
 <url>
  <loc>http://www.google.com/adwords/learningcenter/text/18779.html</loc>
  <priority>0.5000</priority>
 </url>
 <url>
  <loc>http://www.google.com/adwords/learningcenter/text/18788.html</loc>
  <priority>0.5000</priority>
 </url>
 <url>
  <loc>http://www.google.com/adwords/learningcenter/text/18911.html</loc>
  <priority>0.5000</priority>
 </url>
 <url>
  <loc>http://www.google.com/adwords/learningcenter/text/18912.html</loc>
  <priority>0.5000</priority>
 </url>
 <url>
  <loc>http://www.google.com/adwords/learningcenter/text/18928.html</loc>
  <priority>0.5000</priority>
 </url>
 <url>
  <loc>http://www.google.com/adwords/learningcenter/text/18929.html</loc>
  <priority>0.5000</priority>
 </url>
 <url>
  <loc>http://www.google.com/adwords/learningcenter/text/18931.html</loc>
  <priority>0.5000</priority>
 </url>
 <url>
  <loc>http://www.google.com/adwords/learningcenter/text/18932.html</loc>
  <priority>0.5000</priority>
 </url>
 <url>
  <loc>http://www.google.com/adwords/learningcenter/text/18941.html</loc>
  <priority>0.5000</priority>
 </url>
 <url>
  <loc>http://www.google.com/adwords/learningcenter/text/18942.html</loc>
  <priority>0.5000</priority>
 </url>
 <url>
  <loc>http://www.google.com/adwords/learningcenter/text/18943.html</loc>
  <priority>0.5000</priority>
 </url>
 <url>
  <loc>http://www.google.com/adwords/learningcenter/text/18944.html</loc>
  <priority>0.5000</priority>
 </url>
 <url>
  <loc>http://www.google.com/adwords/learningcenter/text/18945.html</loc>
  <priority>0.5000</priority>
 </url>
 <url>
  <loc>http://www.google.com/adwords/learningcenter/text/18989.html</loc>
  <priority>0.5000</priority>
 </url>
 <url>
  <loc>http://www.google.com/adwords/learningcenter/text/18990.html</loc>
  <priority>0.5000</priority>
 </url>
 <url>
  <loc>http://www.google.com/adwords/learningcenter/text/18991.html</loc>
  <priority>0.5000</priority>
 </url>
 <url>
  <loc>http://www.google.com/adwords/learningcenter/text/18992.html</loc>
  <priority>0.5000</priority>
 </url>
 <url>
  <loc>http://www.google.com/adwords/learningcenter/text/19054.html</loc>
  <priority>0.5000</priority>
 </url>
 <url>
  <loc>http://www.google.com/adwords/learningcenter/text/19062.html</loc>
  <priority>0.5000</priority>
 </url>
 <url>
  <loc>http://www.google.com/adwords/learningcenter/text/19080.html</loc>
  <priority>0.5000</priority>
 </url>
 <url>
  <loc>http://www.google.com/adwords/learningcenter/text/19108.html</loc>
  <priority>0.5000</priority>
 </url>
 <url>
  <loc>http://www.google.com/adwords/learningcenter/text/19117.html</loc>
  <priority>0.5000</priority>
 </url>
 <url>
  <loc>http://www.google.com/adwords/learningcenter/text/19135.html</loc>
  <priority>0.5000</priority>
 </url>
 <url>
  <loc>http://www.google.com/adwords/learningcenter/text/19144.html</loc>
  <priority>0.5000</priority>
 </url>
 <url>
  <loc>http://www.google.com/adwords/learningcenter/text/19151.html</loc>
  <priority>0.5000</priority>
 </url>
 <url>
  <loc>http://www.google.com/adwords/learningcenter/text/19159.html</loc>
  <priority>0.5000</priority>
 </url>
 <url>
  <loc>http://www.google.com/adwords/learningcenter/text/19164.html</loc>
  <priority>0.5000</priority>
 </url>
 <url>
  <loc>http://www.google.com/adwords/learningcenter/text/19167.html</loc>
  <priority>0.5000</priority>
 </url>
 <url>
  <loc>http://www.google.com/adwords/learningcenter/text/19173.html</loc>
  <priority>0.5000</priority>
 </url>
 <url>
  <loc>http://www.google.com/adwords/learningcenter/text/19178.html</loc>
  <priority>0.5000</priority>
 </url>
 <url>
  <loc>http://www.google.com/adwords/learningcenter/text/19183.html</loc>
  <priority>0.5000</priority>
 </url>
 <url>
  <loc>http://www.google.com/adwords/learningcenter/text/19189.html</loc>
  <priority>0.5000</priority>
 </url>
 <url>
  <loc>http://www.google.com/adwords/learningcenter/text/19199.html</loc>
  <priority>0.5000</priority>
 </url>
 <url>
  <loc>http://www.google.com/adwords/learningcenter/text/19206.html</loc>
  <priority>0.5000</priority>
 </url>
 <url>
  <loc>http://www.google.com/adwords/learningcenter/text/19209.html</loc>
  <priority>0.5000</priority>
 </url>
 <url>
  <loc>http://www.google.com/adwords/learningcenter/text/19212.html</loc>
  <priority>0.5000</priority>
 </url>
 <url>
  <loc>http://www.google.com/adwords/learningcenter/text/19216.html</loc>
  <priority>0.5000</priority>
 </url>
 <url>
  <loc>http://www.google.com/adwords/learningcenter/text/19222.html</loc>
  <priority>0.5000</priority>
 </url>
 <url>
  <loc>http://www.google.com/adwords/learningcenter/text/19232.html</loc>
  <priority>0.5000</priority>
 </url>
 <url>
  <loc>http://www.google.com/adwords/learningcenter/text/19240.html</loc>
  <priority>0.5000</priority>
 </url>
 <url>
  <loc>http://www.google.com/adwords/learningcenter/text/19264.html</loc>
  <priority>0.5000</priority>
 </url>
 <url>
  <loc>http://www.google.com/adwords/learningcenter/text/19269.html</loc>
  <priority>0.5000</priority>
 </url>
 <url>
  <loc>http://www.google.com/adwords/learningcenter/text/19276.html</loc>
  <priority>0.5000</priority>
 </url>
 <url>
  <loc>http://www.google.com/adwords/learningcenter/text/19280.html</loc>
  <priority>0.5000</priority>
 </url>
 <url>
  <loc>http://www.google.com/adwords/learningcenter/text/19285.html</loc>
  <priority>0.5000</priority>
 </url>
 <url>
  <loc>http://www.google.com/adwords/learningcenter/text/19293.html</loc>
  <priority>0.5000</priority>
 </url>
 <url>
  <loc>http://www.google.com/adwords/learningcenter/text/19354.html</loc>
  <priority>0.5000</priority>
 </url>
 <url>
  <loc>http://www.google.com/adwords/learningcenter/text/19368.html</loc>
  <priority>0.5000</priority>
 </url>
 <url>
  <loc>http://www.google.com/adwords/learningcenter/text/19374.html</loc>
  <priority>0.5000</priority>
 </url>
 <url>
  <loc>http://www.google.com/adwords/learningcenter/text/19380.html</loc>
  <priority>0.5000</priority>
 </url>
 <url>
  <loc>http://www.google.com/adwords/learningcenter/text/19387.html</loc>
  <priority>0.5000</priority>
 </url>
 <url>
  <loc>http://www.google.com/adwords/learningcenter/text/19390.html</loc>
  <priority>0.5000</priority>
 </url>
 <url>
  <loc>http://www.google.com/adwords/learningcenter/text/19399.html</loc>
  <priority>0.5000</priority>
 </url>
 <url>
  <loc>http://www.google.com/adwords/learningcenter/text/19405.html</loc>
  <priority>0.5000</priority>
 </url>
 <url>
  <loc>http://www.google.com/adwords/learningcenter/text/19408.html</loc>
  <priority>0.5000</priority>
 </url>
 <url>
  <loc>http://www.google.com/adwords/learningcenter/text/19428.html</loc>
  <priority>0.5000</priority>
 </url>
 <url>
  <loc>http://www.google.com/adwords/learningcenter/text/19435.html</loc>
  <priority>0.5000</priority>
 </url>
 <url>
  <loc>http://www.google.com/adwords/learningcenter/text/19439.html</loc>
  <priority>0.5000</priority>
 </url>
 <url>
  <loc>http://www.google.com/adwords/learningcenter/text/19449.html</loc>
  <priority>0.5000</priority>
 </url>
 <url>
  <loc>http://www.google.com/adwords/learningcenter/text/19457.html</loc>
  <priority>0.5000</priority>
 </url>
 <url>
  <loc>http://www.google.com/adwords/learningcenter/text/19460.html</loc>
  <priority>0.5000</priority>
 </url>
 <url>
  <loc>http://www.google.com/adwords/learningcenter/text/19466.html</loc>
  <priority>0.5000</priority>
 </url>
 <url>
  <loc>http://www.google.com/adwords/learningcenter/text/19473.html</loc>
  <priority>0.5000</priority>
 </url>
 <url>
  <loc>http://www.google.com/adwords/learningcenter/text/19479.html</loc>
  <priority>0.5000</priority>
 </url>
 <url>
  <loc>http://www.google.com/adwords/learningcenter/text/19485.html</loc>
  <priority>0.5000</priority>
 </url>
 <url>
  <loc>http://www.google.com/adwords/learningcenter/text/19489.html</loc>
  <priority>0.5000</priority>
 </url>
 <url>
  <loc>http://www.google.com/adwords/learningcenter/text/19498.html</loc>
  <priority>0.5000</priority>
 </url>
 <url>
  <loc>http://www.google.com/adwords/learningcenter/text/19503.html</loc>
  <priority>0.5000</priority>
 </url>
 <url>
  <loc>http://www.google.com/adwords/learningcenter/text/19508.html</loc>
  <priority>0.5000</priority>
 </url>
 <url>
  <loc>http://www.google.com/adwords/learningcenter/text/19517.html</loc>
  <priority>0.5000</priority>
 </url>
 <url>
  <loc>http://www.google.com/adwords/learningcenter/text/20130.html</loc>
  <priority>0.5000</priority>
 </url>
 <url>
  <loc>http://www.google.com/adwords/learningcenter/text/20160.html</loc>
  <priority>0.5000</priority>
 </url>
 <url>
  <loc>http://www.google.com/adwords/learningcenter/text/20162.html</loc>
  <priority>0.5000</priority>
 </url>
 <url>
  <loc>http://www.google.com/adwords/learningcenter/text/26014.html</loc>
  <priority>0.5000</priority>
 </url>
 <url>
  <loc>http://www.google.com/adwords/learningcenter/text/26070.html</loc>
  <priority>0.5000</priority>
 </url>
 <url>
  <loc>http://www.google.com/adwords/learningcenter/text/26081.html</loc>
  <priority>0.5000</priority>
 </url>
 <url>
  <loc>http://www.google.com/adwords/learningcenter/text/27060.html</loc>
  <priority>0.5000</priority>
 </url>
 <url>
  <loc>http://www.google.com/adwords/learningcenter/text/27062.html</loc>
  <priority>0.5000</priority>
 </url>
 <url>
  <loc>http://www.google.com/adwords/learningcenter/text/27063.html</loc>
  <priority>0.5000</priority>
 </url>
 <url>
  <loc>http://www.google.com/adwords/learningcenter/text/28810.html</loc>
  <priority>0.5000</priority>
 </url>
 <url>
  <loc>http://www.google.com/adwords/learningcenter/text/29516.html</loc>
  <priority>0.5000</priority>
 </url>
 <url>
  <loc>http://www.google.com/adwords/learningcenter/text/29518.html</loc>
  <priority>0.5000</priority>
 </url>
 <url>
  <loc>http://www.google.com/adwords/learningcenter/text/29523.html</loc>
  <priority>0.5000</priority>
 </url>
 <url>
  <loc>http://www.google.com/adwords/learningcenter/text/31854.html</loc>
  <priority>0.5000</priority>
 </url>
 <url>
  <loc>http://www.google.com/adwords/learningcenter/text/31856.html</loc>
  <priority>0.5000</priority>
 </url>
 <url>
  <loc>http://www.google.com/adwords/learningcenter/text/31865.html</loc>
  <priority>0.5000</priority>
 </url>
 <url>
  <loc>http://www.google.com/adwords/learningcenter/text/31873.html</loc>
  <priority>0.5000</priority>
 </url>
 <url>
  <loc>http://www.google.com/adwords/learningcenter/text/31876.html</loc>
  <priority>0.5000</priority>
 </url>
 <url>
  <loc>http://www.google.com/adwords/learningcenter/text/33410.html</loc>
  <priority>0.5000</priority>
 </url>
 <url>
  <loc>http://www.google.com/adwords/learningcenter/text/34000.html</loc>
  <priority>0.5000</priority>
 </url>
 <url>
  <loc>http://www.google.com/adwords/learningcenter/text/34003.html</loc>
  <priority>0.5000</priority>
 </url>
 <url>
  <loc>http://www.google.com/adwords/learningcenter/text/38069.html</loc>
  <priority>0.5000</priority>
 </url>
 <url>
  <loc>http://www.google.com/adwords/learningcenter/text/38075.html</loc>
  <priority>0.5000</priority>
 </url>
 <url>
  <loc>http://www.google.com/adwords/learningcenter/text/38086.html</loc>
  <priority>0.5000</priority>
 </url>
 <url>
  <loc>http://www.google.com/adwords/learningcenter/text/48966.html</loc>
  <priority>0.5000</priority>
 </url>
 <url>
  <loc>http://www.google.com/adwords/learningcenter/text/48978.html</loc>
  <priority>0.5000</priority>
 </url>
 <url>
  <loc>http://www.google.com/adwords/learningcenter/text/48982.html</loc>
  <priority>0.5000</priority>
 </url>
 <url>
  <loc>http://www.google.com/adwords/learningcenter/text/48986.html</loc>
  <priority>0.5000</priority>
 </url>
 <url>
  <loc>http://www.google.com/adwords/learningcenter/text/48990.html</loc>
  <priority>0.5000</priority>
 </url>
 <url>
  <loc>http://www.google.com/adwords/learningcenter/text/53405.html</loc>
  <priority>0.5000</priority>
 </url>
 <url>
  <loc>http://www.google.com/adwords/learningcenter/text/53406.html</loc>
  <priority>0.5000</priority>
 </url>
 <url>
  <loc>http://www.google.com/adwords/learningcenter/text/53407.html</loc>
  <priority>0.5000</priority>
 </url>
 <url>
  <loc>http://www.google.com/adwords/learningcenter/text/53408.html</loc>
  <priority>0.5000</priority>
 </url>
 <url>
  <loc>http://www.google.com/adwords/learningcenter/text/53409.html</loc>
  <priority>0.5000</priority>
 </url>
 <url>
  <loc>http://www.google.com/adwords/learningcenter/text/57168.html</loc>
  <priority>0.5000</priority>
 </url>
 <url>
  <loc>http://www.google.com/adwords/learningcenter/text/breeze_quizzes/quiz-18719.ht</loc>
  <priority>0.5000</priority>
 </url>
 <url>
  <loc>http://www.google.com/adwords/learningcenter/text/breeze_quizzes/quiz-18722.html</loc>
  <priority>0.5000</priority>
 </url>
 <url>
  <loc>http://www.google.com/adwords/learningcenter/text/breeze_quizzes/quiz-18754.html</loc>
  <priority>0.5000</priority>
 </url>
 <url>
  <loc>http://www.google.com/adwords/learningcenter/text/breeze_quizzes/quiz-18759.html</loc>
  <priority>0.5000</priority>
 </url>
 <url>
  <loc>http://www.google.com/adwords/learningcenter/text/breeze_quizzes/quiz-18766.html</loc>
  <priority>0.5000</priority>
 </url>
 <url>
  <loc>http://www.google.com/adwords/learningcenter/text/breeze_quizzes/quiz-18771.html</loc>
  <priority>0.5000</priority>
 </url>
 <url>
  <loc>http://www.google.com/adwords/learningcenter/text/breeze_quizzes/quiz-18779.html</loc>
  <priority>0.5000</priority>
 </url>
 <url>
  <loc>http://www.google.com/adwords/learningcenter/text/breeze_quizzes/quiz-18788.html</loc>
  <priority>0.5000</priority>
 </url>
 <url>
  <loc>http://www.google.com/adwords/learningcenter/text/breeze_quizzes/quiz-18911.html</loc>
  <priority>0.5000</priority>
 </url>
 <url>
  <loc>http://www.google.com/adwords/learningcenter/text/breeze_quizzes/quiz-18912.html</loc>
  <priority>0.5000</priority>
 </url>
 <url>
  <loc>http://www.google.com/adwords/learningcenter/text/breeze_quizzes/quiz-18928.html</loc>
  <priority>0.5000</priority>
 </url>
 <url>
  <loc>http://www.google.com/adwords/learningcenter/text/breeze_quizzes/quiz-18929.html</loc>
  <priority>0.5000</priority>
 </url>
 <url>
  <loc>http://www.google.com/adwords/learningcenter/text/breeze_quizzes/quiz-18931.html</loc>
  <priority>0.5000</priority>
 </url>
 <url>
  <loc>http://www.google.com/adwords/learningcenter/text/breeze_quizzes/quiz-18932.html</loc>
  <priority>0.5000</priority>
 </url>
 <url>
  <loc>http://www.google.com/adwords/learningcenter/text/breeze_quizzes/quiz-18941.html</loc>
  <priority>0.5000</priority>
 </url>
 <url>
  <loc>http://www.google.com/adwords/learningcenter/text/breeze_quizzes/quiz-18942.html</loc>
  <priority>0.5000</priority>
 </url>
 <url>
  <loc>http://www.google.com/adwords/learningcenter/text/breeze_quizzes/quiz-18943.html</loc>
  <priority>0.5000</priority>
 </url>
 <url>
  <loc>http://www.google.com/adwords/learningcenter/text/breeze_quizzes/quiz-18944.html</loc>
  <priority>0.5000</priority>
 </url>
 <url>
  <loc>http://www.google.com/adwords/learningcenter/text/breeze_quizzes/quiz-18945.html</loc>
  <priority>0.5000</priority>
 </url>
 <url>
  <loc>http://www.google.com/adwords/learningcenter/text/breeze_quizzes/quiz-18989.html</loc>
  <priority>0.5000</priority>
 </url>
 <url>
  <loc>http://www.google.com/adwords/learningcenter/text/breeze_quizzes/quiz-18990.html</loc>
  <priority>0.5000</priority>
 </url>
 <url>
  <loc>http://www.google.com/adwords/learningcenter/text/breeze_quizzes/quiz-18991.html</loc>
  <priority>0.5000</priority>
 </url>
 <url>
  <loc>http://www.google.com/adwords/learningcenter/text/breeze_quizzes/quiz-18992.html</loc>
  <priority>0.5000</priority>
 </url>
 <url>
  <loc>http://www.google.com/adwords/learningcenter/text/breeze_quizzes/quiz-19054.html</loc>
  <priority>0.5000</priority>
 </url>
 <url>
  <loc>http://www.google.com/adwords/learningcenter/text/breeze_quizzes/quiz-19062.html</loc>
  <priority>0.5000</priority>
 </url>
 <url>
  <loc>http://www.google.com/adwords/learningcenter/text/breeze_quizzes/quiz-19080.html</loc>
  <priority>0.5000</priority>
 </url>
 <url>
  <loc>http://www.google.com/adwords/learningcenter/text/breeze_quizzes/quiz-19108.html</loc>
  <priority>0.5000</priority>
 </url>
 <url>
  <loc>http://www.google.com/adwords/learningcenter/text/breeze_quizzes/quiz-19117.html</loc>
  <priority>0.5000</priority>
 </url>
 <url>
  <loc>http://www.google.com/adwords/learningcenter/text/breeze_quizzes/quiz-19135.html</loc>
  <priority>0.5000</priority>
 </url>
 <url>
  <loc>http://www.google.com/adwords/learningcenter/text/breeze_quizzes/quiz-19144.html</loc>
  <priority>0.5000</priority>
 </url>
 <url>
  <loc>http://www.google.com/adwords/learningcenter/text/breeze_quizzes/quiz-19151.html</loc>
  <priority>0.5000</priority>
 </url>
 <url>
  <loc>http://www.google.com/adwords/learningcenter/text/breeze_quizzes/quiz-19159.html</loc>
  <priority>0.5000</priority>
 </url>
 <url>
  <loc>http://www.google.com/adwords/learningcenter/text/breeze_quizzes/quiz-19164.html</loc>
  <priority>0.5000</priority>
 </url>
 <url>
  <loc>http://www.google.com/adwords/learningcenter/text/breeze_quizzes/quiz-19167.html</loc>
  <priority>0.5000</priority>
 </url>
 <url>
  <loc>http://www.google.com/adwords/learningcenter/text/breeze_quizzes/quiz-19173.html</loc>
  <priority>0.5000</priority>
 </url>
 <url>
  <loc>http://www.google.com/adwords/learningcenter/text/breeze_quizzes/quiz-19178.html</loc>
  <priority>0.5000</priority>
 </url>
 <url>
  <loc>http://www.google.com/adwords/learningcenter/text/breeze_quizzes/quiz-19183.html</loc>
  <priority>0.5000</priority>
 </url>
 <url>
  <loc>http://www.google.com/adwords/learningcenter/text/breeze_quizzes/quiz-19189.html</loc>
  <priority>0.5000</priority>
 </url>
 <url>
  <loc>http://www.google.com/adwords/learningcenter/text/breeze_quizzes/quiz-19199.html</loc>
  <priority>0.5000</priority>
 </url>
 <url>
  <loc>http://www.google.com/adwords/learningcenter/text/breeze_quizzes/quiz-19206.html</loc>
  <priority>0.5000</priority>
 </url>
 <url>
  <loc>http://www.google.com/adwords/learningcenter/text/breeze_quizzes/quiz-19209.html</loc>
  <priority>0.5000</priority>
 </url>
 <url>
  <loc>http://www.google.com/adwords/learningcenter/text/breeze_quizzes/quiz-19212.html</loc>
  <priority>0.5000</priority>
 </url>
 <url>
  <loc>http://www.google.com/adwords/learningcenter/text/breeze_quizzes/quiz-19222.html</loc>
  <priority>0.5000</priority>
 </url>
 <url>
  <loc>http://www.google.com/adwords/learningcenter/text/breeze_quizzes/quiz-19232.html</loc>
  <priority>0.5000</priority>
 </url>
 <url>
  <loc>http://www.google.com/adwords/learningcenter/text/breeze_quizzes/quiz-19240.html</loc>
  <priority>0.5000</priority>
 </url>
 <url>
  <loc>http://www.google.com/adwords/learningcenter/text/breeze_quizzes/quiz-19264.html</loc>
  <priority>0.5000</priority>
 </url>
 <url>
  <loc>http://www.google.com/adwords/learningcenter/text/breeze_quizzes/quiz-19269.html</loc>
  <priority>0.5000</priority>
 </url>
 <url>
  <loc>http://www.google.com/adwords/learningcenter/text/breeze_quizzes/quiz-19276.html</loc>
  <priority>0.5000</priority>
 </url>
 <url>
  <loc>http://www.google.com/adwords/learningcenter/text/breeze_quizzes/quiz-19285.html</loc>
  <priority>0.5000</priority>
 </url>
 <url>
  <loc>http://www.google.com/adwords/learningcenter/text/breeze_quizzes/quiz-19293.html</loc>
  <priority>0.5000</priority>
 </url>
 <url>
  <loc>http://www.google.com/adwords/learningcenter/text/breeze_quizzes/quiz-19354.html</loc>
  <priority>0.5000</priority>
 </url>
 <url>
  <loc>http://www.google.com/adwords/learningcenter/text/breeze_quizzes/quiz-19368.html</loc>
  <priority>0.5000</priority>
 </url>
 <url>
  <loc>http://www.google.com/adwords/learningcenter/text/breeze_quizzes/quiz-19374.html</loc>
  <priority>0.5000</priority>
 </url>
 <url>
  <loc>http://www.google.com/adwords/learningcenter/text/breeze_quizzes/quiz-19380.html</loc>
  <priority>0.5000</priority>
 </url>
 <url>
  <loc>http://www.google.com/adwords/learningcenter/text/breeze_quizzes/quiz-19387.html</loc>
  <priority>0.5000</priority>
 </url>
 <url>
  <loc>http://www.google.com/adwords/learningcenter/text/breeze_quizzes/quiz-19390.html</loc>
  <priority>0.5000</priority>
 </url>
 <url>
  <loc>http://www.google.com/adwords/learningcenter/text/breeze_quizzes/quiz-19399.html</loc>
  <priority>0.5000</priority>
 </url>
 <url>
  <loc>http://www.google.com/adwords/learningcenter/text/breeze_quizzes/quiz-19405.html</loc>
  <priority>0.5000</priority>
 </url>
 <url>
  <loc>http://www.google.com/adwords/learningcenter/text/breeze_quizzes/quiz-19428.html</loc>
  <priority>0.5000</priority>
 </url>
 <url>
  <loc>http://www.google.com/adwords/learningcenter/text/breeze_quizzes/quiz-19435.html</loc>
  <priority>0.5000</priority>
 </url>
 <url>
  <loc>http://www.google.com/adwords/learningcenter/text/breeze_quizzes/quiz-19439.html</loc>
  <priority>0.5000</priority>
 </url>
 <url>
  <loc>http://www.google.com/adwords/learningcenter/text/breeze_quizzes/quiz-19449.html</loc>
  <priority>0.5000</priority>
 </url>
 <url>
  <loc>http://www.google.com/adwords/learningcenter/text/breeze_quizzes/quiz-19457.html</loc>
  <priority>0.5000</priority>
 </url>
 <url>
  <loc>http://www.google.com/adwords/learningcenter/text/breeze_quizzes/quiz-19460.html</loc>
  <priority>0.5000</priority>
 </url>
 <url>
  <loc>http://www.google.com/adwords/learningcenter/text/breeze_quizzes/quiz-19466.html</loc>
  <priority>0.5000</priority>
 </url>
 <url>
  <loc>http://www.google.com/adwords/learningcenter/text/breeze_quizzes/quiz-19473.html</loc>
  <priority>0.5000</priority>
 </url>
 <url>
  <loc>http://www.google.com/adwords/learningcenter/text/breeze_quizzes/quiz-19479.html</loc>
  <priority>0.5000</priority>
 </url>
 <url>
  <loc>http://www.google.com/adwords/learningcenter/text/breeze_quizzes/quiz-19485.html</loc>
  <priority>0.5000</priority>
 </url>
 <url>
  <loc>http://www.google.com/adwords/learningcenter/text/breeze_quizzes/quiz-19489.html</loc>
  <priority>0.5000</priority>
 </url>
 <url>
  <loc>http://www.google.com/adwords/learningcenter/text/breeze_quizzes/quiz-19498.html</loc>
  <priority>0.5000</priority>
 </url>
 <url>
  <loc>http://www.google.com/adwords/learningcenter/text/breeze_quizzes/quiz-19503.html</loc>
  <priority>0.5000</priority>
 </url>
 <url>
  <loc>http://www.google.com/adwords/learningcenter/text/breeze_quizzes/quiz-19508.html</loc>
  <priority>0.5000</priority>
 </url>
 <url>
  <loc>http://www.google.com/adwords/learningcenter/text/breeze_quizzes/quiz-20130.html</loc>
  <priority>0.5000</priority>
 </url>
 <url>
  <loc>http://www.google.com/adwords/learningcenter/text/breeze_quizzes/quiz-20160.html</loc>
  <priority>0.5000</priority>
 </url>
 <url>
  <loc>http://www.google.com/adwords/learningcenter/text/breeze_quizzes/quiz-20162.html</loc>
  <priority>0.5000</priority>
 </url>
 <url>
  <loc>http://www.google.com/adwords/learningcenter/text/breeze_quizzes/quiz-26014.html</loc>
  <priority>0.5000</priority>
 </url>
 <url>
  <loc>http://www.google.com/adwords/learningcenter/text/breeze_quizzes/quiz-26070.html</loc>
  <priority>0.5000</priority>
 </url>
 <url>
  <loc>http://www.google.com/adwords/learningcenter/text/breeze_quizzes/quiz-26081.html</loc>
  <priority>0.5000</priority>
 </url>
 <url>
  <loc>http://www.google.com/adwords/learningcenter/text/breeze_quizzes/quiz-27060.html</loc>
  <priority>0.5000</priority>
 </url>
 <url>
  <loc>http://www.google.com/adwords/learningcenter/text/breeze_quizzes/quiz-27062.html</loc>
  <priority>0.5000</priority>
 </url>
 <url>
  <loc>http://www.google.com/adwords/learningcenter/text/breeze_quizzes/quiz-27063.html</loc>
  <priority>0.5000</priority>
 </url>
 <url>
  <loc>http://www.google.com/adwords/learningcenter/text/breeze_quizzes/quiz-28810.html</loc>
  <priority>0.5000</priority>
 </url>
 <url>
  <loc>http://www.google.com/adwords/learningcenter/text/breeze_quizzes/quiz-29516.html</loc>
  <priority>0.5000</priority>
 </url>
 <url>
  <loc>http://www.google.com/adwords/learningcenter/text/breeze_quizzes/quiz-29518.html</loc>
  <priority>0.5000</priority>
 </url>
 <url>
  <loc>http://www.google.com/adwords/learningcenter/text/breeze_quizzes/quiz-29523.html</loc>
  <priority>0.5000</priority>
 </url>
 <url>
  <loc>http://www.google.com/adwords/learningcenter/text/breeze_quizzes/quiz-31854.html</loc>
  <priority>0.5000</priority>
 </url>
 <url>
  <loc>http://www.google.com/adwords/learningcenter/text/breeze_quizzes/quiz-31856.html</loc>
  <priority>0.5000</priority>
 </url>
 <url>
  <loc>http://www.google.com/adwords/learningcenter/text/breeze_quizzes/quiz-31865.html</loc>
  <priority>0.5000</priority>
 </url>
 <url>
  <loc>http://www.google.com/adwords/learningcenter/text/breeze_quizzes/quiz-31873.html</loc>
  <priority>0.5000</priority>
 </url>
 <url>
  <loc>http://www.google.com/adwords/learningcenter/text/breeze_quizzes/quiz-31876.html</loc>
  <priority>0.5000</priority>
 </url>
 <url>
  <loc>http://www.google.com/adwords/learningcenter/text/breeze_quizzes/quiz-33410.html</loc>
  <priority>0.5000</priority>
 </url>
 <url>
  <loc>http://www.google.com/adwords/learningcenter/text/breeze_quizzes/quiz-34000.html</loc>
  <priority>0.5000</priority>
 </url>
 <url>
  <loc>http://www.google.com/adwords/learningcenter/text/breeze_quizzes/quiz-34003.html</loc>
  <priority>0.5000</priority>
 </url>
 <url>
  <loc>http://www.google.com/adwords/learningcenter/text/breeze_quizzes/quiz-48966.html</loc>
  <priority>0.5000</priority>
 </url>
 <url>
  <loc>http://www.google.com/adwords/learningcenter/text/breeze_quizzes/quiz-48978.html</loc>
  <priority>0.5000</priority>
 </url>
 <url>
  <loc>http://www.google.com/adwords/learningcenter/text/breeze_quizzes/quiz-48982.html</loc>
  <priority>0.5000</priority>
 </url>
 <url>
  <loc>http://www.google.com/adwords/learningcenter/text/breeze_quizzes/quiz-48986.html</loc>
  <priority>0.5000</priority>
 </url>
 <url>
  <loc>http://www.google.com/adwords/learningcenter/text/breeze_quizzes/quiz-48990.html</loc>
  <priority>0.5000</priority>
 </url>
 <url>
  <loc>http://www.google.com/adwords/learningcenter/text/breeze_quizzes/quiz-53405.html</loc>
  <priority>0.5000</priority>
 </url>
 <url>
  <loc>http://www.google.com/adwords/learningcenter/text/breeze_quizzes/quiz-53406.html</loc>
  <priority>0.5000</priority>
 </url>
 <url>
  <loc>http://www.google.com/adwords/learningcenter/text/breeze_quizzes/quiz-53407.html</loc>
  <priority>0.5000</priority>
 </url>
 <url>
  <loc>http://www.google.com/adwords/learningcenter/text/breeze_quizzes/quiz-53408.html</loc>
  <priority>0.5000</priority>
 </url>
 <url>
  <loc>http://www.google.com/adwords/learningcenter/text/breeze_quizzes/quiz-53409.html</loc>
  <priority>0.5000</priority>
 </url>
 <url>
  <loc>http://www.google.com/adwords/learningcenter/text/index.html</loc>
  <priority>0.5000</priority>
 </url>
 <url>
  <loc>http://www.google.com/adwords/learningcenter/text/print-18684.html</loc>
  <priority>0.5000</priority>
 </url>
 <url>
  <loc>http://www.google.com/adwords/learningcenter/text/print-18720.html</loc>
  <priority>0.5000</priority>
 </url>
 <url>
  <loc>http://www.google.com/adwords/learningcenter/text/print-18737.html</loc>
  <priority>0.5000</priority>
 </url>
 <url>
  <loc>http://www.google.com/adwords/learningcenter/text/print-18738.html</loc>
  <priority>0.5000</priority>
 </url>
 <url>
  <loc>http://www.google.com/adwords/learningcenter/text/print-18739.html</loc>
  <priority>0.5000</priority>
 </url>
 <url>
  <loc>http://www.google.com/adwords/learningcenter/text/print-18762.html</loc>
  <priority>0.5000</priority>
 </url>
 <url>
  <loc>http://www.google.com/adwords/learningcenter/text/print-18763.html</loc>
  <priority>0.5000</priority>
 </url>
 <url>
  <loc>http://www.google.com/adwords/learningcenter/text/print-18910.html</loc>
  <priority>0.5000</priority>
 </url>
 <url>
  <loc>http://www.google.com/adwords/learningcenter/text/print-18927.html</loc>
  <priority>0.5000</priority>
 </url>
 <url>
  <loc>http://www.google.com/adwords/learningcenter/text/print-18940.html</loc>
  <priority>0.5000</priority>
 </url>
 <url>
  <loc>http://www.google.com/adwords/learningcenter/text/print-18970.html</loc>
  <priority>0.5000</priority>
 </url>
 <url>
  <loc>http://www.google.com/adwords/learningcenter/text/print-19051.html</loc>
  <priority>0.5000</priority>
 </url>
 <url>
  <loc>http://www.google.com/adwords/learningcenter/text/print-19116.html</loc>
  <priority>0.5000</priority>
 </url>
 <url>
  <loc>http://www.google.com/adwords/learningcenter/text/print-19132.html</loc>
  <priority>0.5000</priority>
 </url>
 <url>
  <loc>http://www.google.com/adwords/learningcenter/text/print-19158.html</loc>
  <priority>0.5000</priority>
 </url>
 <url>
  <loc>http://www.google.com/adwords/learningcenter/text/print-19177.html</loc>
  <priority>0.5000</priority>
 </url>
 <url>
  <loc>http://www.google.com/adwords/learningcenter/text/print-19197.html</loc>
  <priority>0.5000</priority>
 </url>
 <url>
  <loc>http://www.google.com/adwords/learningcenter/text/print-19198.html</loc>
  <priority>0.5000</priority>
 </url>
 <url>
  <loc>http://www.google.com/adwords/learningcenter/text/print-19231.html</loc>
  <priority>0.5000</priority>
 </url>
 <url>
  <loc>http://www.google.com/adwords/learningcenter/text/print-19258.html</loc>
  <priority>0.5000</priority>
 </url>
 <url>
  <loc>http://www.google.com/adwords/learningcenter/text/print-19263.html</loc>
  <priority>0.5000</priority>
 </url>
 <url>
  <loc>http://www.google.com/adwords/learningcenter/text/print-19275.html</loc>
  <priority>0.5000</priority>
 </url>
 <url>
  <loc>http://www.google.com/adwords/learningcenter/text/print-19284.html</loc>
  <priority>0.5000</priority>
 </url>
 <url>
  <loc>http://www.google.com/adwords/learningcenter/text/print-19292.html</loc>
  <priority>0.5000</priority>
 </url>
 <url>
  <loc>http://www.google.com/adwords/learningcenter/text/print-19383.html</loc>
  <priority>0.5000</priority>
 </url>
 <url>
  <loc>http://www.google.com/adwords/learningcenter/text/print-19386.html</loc>
  <priority>0.5000</priority>
 </url>
 <url>
  <loc>http://www.google.com/adwords/learningcenter/text/print-19478.html</loc>
  <priority>0.5000</priority>
 </url>
 <url>
  <loc>http://www.google.com/adwords/learningcenter/text/print-19497.html</loc>
  <priority>0.5000</priority>
 </url>
 <url>
  <loc>http://www.google.com/adwords/learningcenter/text/print-19577.html</loc>
  <priority>0.5000</priority>
 </url>
 <url>
  <loc>http://www.google.com/adwords/learningcenter/text/print-19578.html</loc>
  <priority>0.5000</priority>
 </url>
 <url>
  <loc>http://www.google.com/adwords/learningcenter/text/print-19669.html</loc>
  <priority>0.5000</priority>
 </url>
 <url>
  <loc>http://www.google.com/adwords/learningcenter/text/print-20129.html</loc>
  <priority>0.5000</priority>
 </url>
 <url>
  <loc>http://www.google.com/adwords/learningcenter/text/print-26015.html</loc>
  <priority>0.5000</priority>
 </url>
 <url>
  <loc>http://www.google.com/adwords/learningcenter/text/print-26066.html</loc>
  <priority>0.5000</priority>
 </url>
 <url>
  <loc>http://www.google.com/adwords/learningcenter/text/print-26073.html</loc>
  <priority>0.5000</priority>
 </url>
 <url>
  <loc>http://www.google.com/adwords/learningcenter/text/print-27059.html</loc>
  <priority>0.5000</priority>
 </url>
 <url>
  <loc>http://www.google.com/adwords/learningcenter/text/print-29515.html</loc>
  <priority>0.5000</priority>
 </url>
 <url>
  <loc>http://www.google.com/adwords/learningcenter/text/print-31848.html</loc>
  <priority>0.5000</priority>
 </url>
 <url>
  <loc>http://www.google.com/adwords/learningcenter/text/print-31855.html</loc>
  <priority>0.5000</priority>
 </url>
 <url>
  <loc>http://www.google.com/adwords/learningcenter/text/print-38068.html</loc>
  <priority>0.5000</priority>
 </url>
 <url>
  <loc>http://www.google.com/adwords/learningcenter/text/print-48965.html</loc>
  <priority>0.5000</priority>
 </url>
 <url>
  <loc>http://www.google.com/adwords/learningcenter/text/print-53403.html</loc>
  <priority>0.5000</priority>
 </url>
 <url>
  <loc>http://www.google.com/adwords/learningcenter/text/quiz-18719.html</loc>
  <priority>0.5000</priority>
 </url>
 <url>
  <loc>http://www.google.com/adwords/learningcenter/text/quiz-18722.html</loc>
  <priority>0.5000</priority>
 </url>
 <url>
  <loc>http://www.google.com/adwords/learningcenter/text/quiz-18754.html</loc>
  <priority>0.5000</priority>
 </url>
 <url>
  <loc>http://www.google.com/adwords/learningcenter/text/quiz-18759.html</loc>
  <priority>0.5000</priority>
 </url>
 <url>
  <loc>http://www.google.com/adwords/learningcenter/text/quiz-18766.html</loc>
  <priority>0.5000</priority>
 </url>
 <url>
  <loc>http://www.google.com/adwords/learningcenter/text/quiz-18771.html</loc>
  <priority>0.5000</priority>
 </url>
 <url>
  <loc>http://www.google.com/adwords/learningcenter/text/quiz-18779.html</loc>
  <priority>0.5000</priority>
 </url>
 <url>
  <loc>http://www.google.com/adwords/learningcenter/text/quiz-18788.html</loc>
  <priority>0.5000</priority>
 </url>
 <url>
  <loc>http://www.google.com/adwords/learningcenter/text/quiz-18911.html</loc>
  <priority>0.5000</priority>
 </url>
 <url>
  <loc>http://www.google.com/adwords/learningcenter/text/quiz-18912.html</loc>
  <priority>0.5000</priority>
 </url>
 <url>
  <loc>http://www.google.com/adwords/learningcenter/text/quiz-18928.html</loc>
  <priority>0.5000</priority>
 </url>
 <url>
  <loc>http://www.google.com/adwords/learningcenter/text/quiz-18929.html</loc>
  <priority>0.5000</priority>
 </url>
 <url>
  <loc>http://www.google.com/adwords/learningcenter/text/quiz-18931.html</loc>
  <priority>0.5000</priority>
 </url>
 <url>
  <loc>http://www.google.com/adwords/learningcenter/text/quiz-18932.html</loc>
  <priority>0.5000</priority>
 </url>
 <url>
  <loc>http://www.google.com/adwords/learningcenter/text/quiz-18941.html</loc>
  <priority>0.5000</priority>
 </url>
 <url>
  <loc>http://www.google.com/adwords/learningcenter/text/quiz-18942.html</loc>
  <priority>0.5000</priority>
 </url>
 <url>
  <loc>http://www.google.com/adwords/learningcenter/text/quiz-18943.html</loc>
  <priority>0.5000</priority>
 </url>
 <url>
  <loc>http://www.google.com/adwords/learningcenter/text/quiz-18944.html</loc>
  <priority>0.5000</priority>
 </url>
 <url>
  <loc>http://www.google.com/adwords/learningcenter/text/quiz-18945.html</loc>
  <priority>0.5000</priority>
 </url>
 <url>
  <loc>http://www.google.com/adwords/learningcenter/text/quiz-18989.html</loc>
  <priority>0.5000</priority>
 </url>
 <url>
  <loc>http://www.google.com/adwords/learningcenter/text/quiz-18990.html</loc>
  <priority>0.5000</priority>
 </url>
 <url>
  <loc>http://www.google.com/adwords/learningcenter/text/quiz-18991.html</loc>
  <priority>0.5000</priority>
 </url>
 <url>
  <loc>http://www.google.com/adwords/learningcenter/text/quiz-18992.html</loc>
  <priority>0.5000</priority>
 </url>
 <url>
  <loc>http://www.google.com/adwords/learningcenter/text/quiz-19054.html</loc>
  <priority>0.5000</priority>
 </url>
 <url>
  <loc>http://www.google.com/adwords/learningcenter/text/quiz-19062.html</loc>
  <priority>0.5000</priority>
 </url>
 <url>
  <loc>http://www.google.com/adwords/learningcenter/text/quiz-19080.html</loc>
  <priority>0.5000</priority>
 </url>
 <url>
  <loc>http://www.google.com/adwords/learningcenter/text/quiz-19108.html</loc>
  <priority>0.5000</priority>
 </url>
 <url>
  <loc>http://www.google.com/adwords/learningcenter/text/quiz-19117.html</loc>
  <priority>0.5000</priority>
 </url>
 <url>
  <loc>http://www.google.com/adwords/learningcenter/text/quiz-19135.html</loc>
  <priority>0.5000</priority>
 </url>
 <url>
  <loc>http://www.google.com/adwords/learningcenter/text/quiz-19144.html</loc>
  <priority>0.5000</priority>
 </url>
 <url>
  <loc>http://www.google.com/adwords/learningcenter/text/quiz-19151.html</loc>
  <priority>0.5000</priority>
 </url>
 <url>
  <loc>http://www.google.com/adwords/learningcenter/text/quiz-19159.html</loc>
  <priority>0.5000</priority>
 </url>
 <url>
  <loc>http://www.google.com/adwords/learningcenter/text/quiz-19164.html</loc>
  <priority>0.5000</priority>
 </url>
 <url>
  <loc>http://www.google.com/adwords/learningcenter/text/quiz-19167.html</loc>
  <priority>0.5000</priority>
 </url>
 <url>
  <loc>http://www.google.com/adwords/learningcenter/text/quiz-19173.html</loc>
  <priority>0.5000</priority>
 </url>
 <url>
  <loc>http://www.google.com/adwords/learningcenter/text/quiz-19178.html</loc>
  <priority>0.5000</priority>
 </url>
 <url>
  <loc>http://www.google.com/adwords/learningcenter/text/quiz-19183.html</loc>
  <priority>0.5000</priority>
 </url>
 <url>
  <loc>http://www.google.com/adwords/learningcenter/text/quiz-19189.html</loc>
  <priority>0.5000</priority>
 </url>
 <url>
  <loc>http://www.google.com/adwords/learningcenter/text/quiz-19199.html</loc>
  <priority>0.5000</priority>
 </url>
 <url>
  <loc>http://www.google.com/adwords/learningcenter/text/quiz-19206.html</loc>
  <priority>0.5000</priority>
 </url>
 <url>
  <loc>http://www.google.com/adwords/learningcenter/text/quiz-19209.html</loc>
  <priority>0.5000</priority>
 </url>
 <url>
  <loc>http://www.google.com/adwords/learningcenter/text/quiz-19212.html</loc>
  <priority>0.5000</priority>
 </url>
 <url>
  <loc>http://www.google.com/adwords/learningcenter/text/quiz-19216.html</loc>
  <priority>0.5000</priority>
 </url>
 <url>
  <loc>http://www.google.com/adwords/learningcenter/text/quiz-19222.html</loc>
  <priority>0.5000</priority>
 </url>
 <url>
  <loc>http://www.google.com/adwords/learningcenter/text/quiz-19232.html</loc>
  <priority>0.5000</priority>
 </url>
 <url>
  <loc>http://www.google.com/adwords/learningcenter/text/quiz-19240.html</loc>
  <priority>0.5000</priority>
 </url>
 <url>
  <loc>http://www.google.com/adwords/learningcenter/text/quiz-19264.html</loc>
  <priority>0.5000</priority>
 </url>
 <url>
  <loc>http://www.google.com/adwords/learningcenter/text/quiz-19269.html</loc>
  <priority>0.5000</priority>
 </url>
 <url>
  <loc>http://www.google.com/adwords/learningcenter/text/quiz-19276.html</loc>
  <priority>0.5000</priority>
 </url>
 <url>
  <loc>http://www.google.com/adwords/learningcenter/text/quiz-19280.html</loc>
  <priority>0.5000</priority>
 </url>
 <url>
  <loc>http://www.google.com/adwords/learningcenter/text/quiz-19285.html</loc>
  <priority>0.5000</priority>
 </url>
 <url>
  <loc>http://www.google.com/adwords/learningcenter/text/quiz-19293.html</loc>
  <priority>0.5000</priority>
 </url>
 <url>
  <loc>http://www.google.com/adwords/learningcenter/text/quiz-19354.html</loc>
  <priority>0.5000</priority>
 </url>
 <url>
  <loc>http://www.google.com/adwords/learningcenter/text/quiz-19368.html</loc>
  <priority>0.5000</priority>
 </url>
 <url>
  <loc>http://www.google.com/adwords/learningcenter/text/quiz-19374.html</loc>
  <priority>0.5000</priority>
 </url>
 <url>
  <loc>http://www.google.com/adwords/learningcenter/text/quiz-19380.html</loc>
  <priority>0.5000</priority>
 </url>
 <url>
  <loc>http://www.google.com/adwords/learningcenter/text/quiz-19387.html</loc>
  <priority>0.5000</priority>
 </url>
 <url>
  <loc>http://www.google.com/adwords/learningcenter/text/quiz-19390.html</loc>
  <priority>0.5000</priority>
 </url>
 <url>
  <loc>http://www.google.com/adwords/learningcenter/text/quiz-19399.html</loc>
  <priority>0.5000</priority>
 </url>
 <url>
  <loc>http://www.google.com/adwords/learningcenter/text/quiz-19405.html</loc>
  <priority>0.5000</priority>
 </url>
 <url>
  <loc>http://www.google.com/adwords/learningcenter/text/quiz-19408.html</loc>
  <priority>0.5000</priority>
 </url>
 <url>
  <loc>http://www.google.com/adwords/learningcenter/text/quiz-19428.html</loc>
  <priority>0.5000</priority>
 </url>
 <url>
  <loc>http://www.google.com/adwords/learningcenter/text/quiz-19435.html</loc>
  <priority>0.5000</priority>
 </url>
 <url>
  <loc>http://www.google.com/adwords/learningcenter/text/quiz-19439.html</loc>
  <priority>0.5000</priority>
 </url>
 <url>
  <loc>http://www.google.com/adwords/learningcenter/text/quiz-19449.html</loc>
  <priority>0.5000</priority>
 </url>
 <url>
  <loc>http://www.google.com/adwords/learningcenter/text/quiz-19457.html</loc>
  <priority>0.5000</priority>
 </url>
 <url>
  <loc>http://www.google.com/adwords/learningcenter/text/quiz-19460.html</loc>
  <priority>0.5000</priority>
 </url>
 <url>
  <loc>http://www.google.com/adwords/learningcenter/text/quiz-19466.html</loc>
  <priority>0.5000</priority>
 </url>
 <url>
  <loc>http://www.google.com/adwords/learningcenter/text/quiz-19473.html</loc>
  <priority>0.5000</priority>
 </url>
 <url>
  <loc>http://www.google.com/adwords/learningcenter/text/quiz-19479.html</loc>
  <priority>0.5000</priority>
 </url>
 <url>
  <loc>http://www.google.com/adwords/learningcenter/text/quiz-19485.html</loc>
  <priority>0.5000</priority>
 </url>
 <url>
  <loc>http://www.google.com/adwords/learningcenter/text/quiz-19489.html</loc>
  <priority>0.5000</priority>
 </url>
 <url>
  <loc>http://www.google.com/adwords/learningcenter/text/quiz-19498.html</loc>
  <priority>0.5000</priority>
 </url>
 <url>
  <loc>http://www.google.com/adwords/learningcenter/text/quiz-19503.html</loc>
  <priority>0.5000</priority>
 </url>
 <url>
  <loc>http://www.google.com/adwords/learningcenter/text/quiz-19508.html</loc>
  <priority>0.5000</priority>
 </url>
 <url>
  <loc>http://www.google.com/adwords/learningcenter/text/quiz-19517.html</loc>
  <priority>0.5000</priority>
 </url>
 <url>
  <loc>http://www.google.com/adwords/learningcenter/text/quiz-20130.html</loc>
  <priority>0.5000</priority>
 </url>
 <url>
  <loc>http://www.google.com/adwords/learningcenter/text/quiz-20160.ht</loc>
  <priority>0.5000</priority>
 </url>
 <url>
  <loc>http://www.google.com/adwords/learningcenter/text/quiz-20162.html</loc>
  <priority>0.5000</priority>
 </url>
 <url>
  <loc>http://www.google.com/adwords/learningcenter/text/quiz-26014.html</loc>
  <priority>0.5000</priority>
 </url>
 <url>
  <loc>http://www.google.com/adwords/learningcenter/text/quiz-26070.html</loc>
  <priority>0.5000</priority>
 </url>
 <url>
  <loc>http://www.google.com/adwords/learningcenter/text/quiz-26081.html</loc>
  <priority>0.5000</priority>
 </url>
 <url>
  <loc>http://www.google.com/adwords/learningcenter/text/quiz-27060.html</loc>
  <priority>0.5000</priority>
 </url>
 <url>
  <loc>http://www.google.com/adwords/learningcenter/text/quiz-27062.html</loc>
  <priority>0.5000</priority>
 </url>
 <url>
  <loc>http://www.google.com/adwords/learningcenter/text/quiz-27063.html</loc>
  <priority>0.5000</priority>
 </url>
 <url>
  <loc>http://www.google.com/adwords/learningcenter/text/quiz-28810.html</loc>
  <priority>0.5000</priority>
 </url>
 <url>
  <loc>http://www.google.com/adwords/learningcenter/text/quiz-29516.html</loc>
  <priority>0.5000</priority>
 </url>
 <url>
  <loc>http://www.google.com/adwords/learningcenter/text/quiz-29518.html</loc>
  <priority>0.5000</priority>
 </url>
 <url>
  <loc>http://www.google.com/adwords/learningcenter/text/quiz-29523.html</loc>
  <priority>0.5000</priority>
 </url>
 <url>
  <loc>http://www.google.com/adwords/learningcenter/text/quiz-31854.html</loc>
  <priority>0.5000</priority>
 </url>
 <url>
  <loc>http://www.google.com/adwords/learningcenter/text/quiz-31856.html</loc>
  <priority>0.5000</priority>
 </url>
 <url>
  <loc>http://www.google.com/adwords/learningcenter/text/quiz-31865.html</loc>
  <priority>0.5000</priority>
 </url>
 <url>
  <loc>http://www.google.com/adwords/learningcenter/text/quiz-31873.html</loc>
  <priority>0.5000</priority>
 </url>
 <url>
  <loc>http://www.google.com/adwords/learningcenter/text/quiz-31876.html</loc>
  <priority>0.5000</priority>
 </url>
 <url>
  <loc>http://www.google.com/adwords/learningcenter/text/quiz-33410.html</loc>
  <priority>0.5000</priority>
 </url>
 <url>
  <loc>http://www.google.com/adwords/learningcenter/text/quiz-34000.html</loc>
  <priority>0.5000</priority>
 </url>
 <url>
  <loc>http://www.google.com/adwords/learningcenter/text/quiz-34003.html</loc>
  <priority>0.5000</priority>
 </url>
 <url>
  <loc>http://www.google.com/adwords/learningcenter/text/quiz-38069.html</loc>
  <priority>0.5000</priority>
 </url>
 <url>
  <loc>http://www.google.com/adwords/learningcenter/text/quiz-38075.html</loc>
  <priority>0.5000</priority>
 </url>
 <url>
  <loc>http://www.google.com/adwords/learningcenter/text/quiz-38086.html</loc>
  <priority>0.5000</priority>
 </url>
 <url>
  <loc>http://www.google.com/adwords/learningcenter/text/quiz-48966.html</loc>
  <priority>0.5000</priority>
 </url>
 <url>
  <loc>http://www.google.com/adwords/learningcenter/text/quiz-48978.html</loc>
  <priority>0.5000</priority>
 </url>
 <url>
  <loc>http://www.google.com/adwords/learningcenter/text/quiz-48982.html</loc>
  <priority>0.5000</priority>
 </url>
 <url>
  <loc>http://www.google.com/adwords/learningcenter/text/quiz-48986.html</loc>
  <priority>0.5000</priority>
 </url>
 <url>
  <loc>http://www.google.com/adwords/learningcenter/text/quiz-48990.html</loc>
  <priority>0.5000</priority>
 </url>
 <url>
  <loc>http://www.google.com/adwords/learningcenter/text/quiz-53405.html</loc>
  <priority>0.5000</priority>
 </url>
 <url>
  <loc>http://www.google.com/adwords/learningcenter/text/quiz-53406.html</loc>
  <priority>0.5000</priority>
 </url>
 <url>
  <loc>http://www.google.com/adwords/learningcenter/text/quiz-53407.html</loc>
  <priority>0.5000</priority>
 </url>
 <url>
  <loc>http://www.google.com/adwords/learningcenter/text/quiz-53408.html</loc>
  <priority>0.5000</priority>
 </url>
 <url>
  <loc>http://www.google.com/adwords/learningcenter/text/quiz-53409.html</loc>
  <priority>0.5000</priority>
 </url>
 <url>
  <loc>http://www.google.com/adwords/learningcenter/text/quiz-57168.html</loc>
  <priority>0.5000</priority>
 </url>
 <url>
  <loc>http://www.google.com/adwords/newsletter/industry/retail_winter06.html</loc>
  <priority>0.5000</priority>
 </url>
 <url>
  <loc>http://www.google.com/adwords/newsletter/industry/retail_winter06_graph.gif</loc>
  <priority>0.5000</priority>
 </url>
 <url>
  <loc>http://www.google.com/adwords/videoadsdemo.html</loc>
  <priority>0.5000</priority>
 </url>
 <url>
  <loc>http://www.google.com/adwords_dmca.html</loc>
  <priority>0.5000</priority>
 </url>
 <url>
  <loc>http://www.google.com/ala2007_rsvp</loc>
  <priority>0.5000</priority>
 </url>
 <url>
  <loc>http://www.google.com/alerts</loc>
  <priority>1.0000</priority>
 </url>
</urlset>
